<?xml version="1.0" encoding="utf-8"?><testsuites><testsuite name="pytest" errors="0" failures="0" skipped="0" tests="128" time="5.107" timestamp="2026-06-09T01:50:04.070498" hostname="ip-172-31-39-157"><testcase classname="tests.integration.test_api_endpoints" name="test_health_endpoint_returns_200" time="0.027" /><testcase classname="tests.integration.test_api_endpoints" name="test_analyze_valid_request_returns_200" time="0.034" /><testcase classname="tests.integration.test_api_endpoints" name="test_analyze_missing_field_returns_422" time="0.030" /><testcase classname="tests.integration.test_api_endpoints" name="test_analyze_invalid_credit_score_returns_422" time="0.040" /><testcase classname="tests.integration.test_api_endpoints" name="test_analyze_response_contains_case_id" time="0.039" /><testcase classname="tests.integration.test_full_pipeline" name="test_approved_scenario_end_to_end" time="0.162" /><testcase classname="tests.integration.test_full_pipeline" name="test_rejected_low_credit_end_to_end" time="0.092" /><testcase classname="tests.integration.test_full_pipeline" name="test_rejected_high_dti_end_to_end" time="0.087" /><testcase classname="tests.integration.test_full_pipeline" name="test_review_required_borderline_end_to_end" time="0.090" /><testcase classname="tests.integration.test_full_pipeline" name="test_case_id_generated_for_all_scenarios" time="0.409" /><testcase classname="tests.unit.test_applicant_profile_agent" name="test_valid_profile_returns_valid_true" time="0.002" /><testcase classname="tests.unit.test_applicant_profile_agent" name="test_underage_applicant_flagged" time="0.003" /><testcase classname="tests.unit.test_applicant_profile_agent" name="test_overage_applicant_flagged" time="0.002" /><testcase classname="tests.unit.test_applicant_profile_agent" name="test_salaried_employment_maps_to_stable_band" time="0.002" /><testcase classname="tests.unit.test_applicant_profile_agent" name="test_self_employed_maps_to_moderate_band" time="0.002" /><testcase classname="tests.unit.test_applicant_profile_agent" name="test_unemployed_maps_to_unstable_band" time="0.003" /><testcase classname="tests.unit.test_applicant_profile_agent" name="test_low_income_for_employment_type_flagged" time="0.002" /><testcase classname="tests.unit.test_applicant_profile_agent" name="test_invoke_includes_case_study_required_fields" time="0.003" /><testcase classname="tests.unit.test_applicant_profile_agent" name="test_invoke_maps_employment_band_to_employment_risk" time="0.002" /><testcase classname="tests.unit.test_compliance_agent" name="test_case_id_format" time="0.003" /><testcase classname="tests.unit.test_compliance_agent" name="test_audit_file_written" time="0.002" /><testcase classname="tests.unit.test_compliance_agent" name="test_approved_notification_content" time="0.003" /><testcase classname="tests.unit.test_compliance_agent" name="test_rejected_notification_content" time="0.002" /><testcase classname="tests.unit.test_compliance_agent" name="test_review_notification_content" time="0.002" /><testcase classname="tests.unit.test_config_loader" name="test_rules_yaml_loads_without_error" time="0.024" /><testcase classname="tests.unit.test_config_loader" name="test_rules_has_required_top_level_keys" time="0.024" /><testcase classname="tests.unit.test_config_loader" name="test_dti_auto_reject_above_is_numeric" time="0.026" /><testcase classname="tests.unit.test_config_loader" name="test_credit_score_bands_have_min_max" time="0.025" /><testcase classname="tests.unit.test_config_loader" name="test_get_settings_returns_singleton" time="0.001" /><testcase classname="tests.unit.test_config_loader" name="test_applicant_min_age_is_18" time="0.024" /><testcase classname="tests.unit.test_config_loader" name="test_applicant_max_age_is_70" time="0.024" /><testcase classname="tests.unit.test_config_loader" name="test_applicant_employment_types_has_three_bands" time="0.030" /><testcase classname="tests.unit.test_config_loader" name="test_salaried_is_in_stable_employment_band" time="0.029" /><testcase classname="tests.unit.test_config_loader" name="test_government_is_in_stable_employment_band" time="0.029" /><testcase classname="tests.unit.test_config_loader" name="test_employment_income_floors_are_positive_integers" time="0.030" /><testcase classname="tests.unit.test_config_loader" name="test_credit_score_auto_reject_below_is_500" time="0.023" /><testcase classname="tests.unit.test_config_loader" name="test_credit_score_mandatory_review_below_is_600" time="0.026" /><testcase classname="tests.unit.test_config_loader" name="test_credit_score_excellent_band_min_is_750" time="0.032" /><testcase classname="tests.unit.test_config_loader" name="test_credit_score_poor_band_max_is_below_auto_reject" time="0.030" /><testcase classname="tests.unit.test_config_loader" name="test_credit_score_bands_are_contiguous" time="0.023" /><testcase classname="tests.unit.test_config_loader" name="test_income_min_annual_income_is_positive" time="0.022" /><testcase classname="tests.unit.test_config_loader" name="test_income_min_income_multiplier_is_integer" time="0.036" /><testcase classname="tests.unit.test_config_loader" name="test_dti_auto_reject_above_is_0_60" time="0.032" /><testcase classname="tests.unit.test_config_loader" name="test_dti_low_risk_max_is_0_30" time="0.024" /><testcase classname="tests.unit.test_config_loader" name="test_dti_bands_are_ordered_low_medium_high" time="0.042" /><testcase classname="tests.unit.test_config_loader" name="test_risk_score_weights_sum_to_one" time="0.025" /><testcase classname="tests.unit.test_config_loader" name="test_risk_score_weights_are_positive" time="0.030" /><testcase classname="tests.unit.test_config_loader" name="test_risk_score_approved_below_less_than_review_required" time="0.024" /><testcase classname="tests.unit.test_config_loader" name="test_risk_score_review_required_equals_rejected_above" time="0.039" /><testcase classname="tests.unit.test_config_loader" name="test_risk_score_min_max_range" time="0.023" /><testcase classname="tests.unit.test_config_loader" name="test_loan_section_present" time="0.030" /><testcase classname="tests.unit.test_config_loader" name="test_loan_min_amount_less_than_max_amount" time="0.023" /><testcase classname="tests.unit.test_config_loader" name="test_loan_min_tenure_less_than_max_tenure" time="0.029" /><testcase classname="tests.unit.test_config_loader" name="test_loan_high_value_threshold_between_min_and_max" time="0.033" /><testcase classname="tests.unit.test_config_loader" name="test_compliance_case_id_prefix_is_CASE" time="0.023" /><testcase classname="tests.unit.test_config_loader" name="test_compliance_retention_years_is_positive" time="0.023" /><testcase classname="tests.unit.test_config_loader" name="test_loan_rules_yaml_loads_without_error" time="0.042" /><testcase classname="tests.unit.test_config_loader" name="test_loan_rules_has_required_top_level_keys" time="0.039" /><testcase classname="tests.unit.test_config_loader" name="test_loan_rules_agents_has_max_response_tokens" time="0.034" /><testcase classname="tests.unit.test_config_loader" name="test_loan_rules_agents_max_tokens_covers_all_five_agents" time="0.037" /><testcase classname="tests.unit.test_config_loader" name="test_loan_rules_agents_temperature_covers_all_five_agents" time="0.031" /><testcase classname="tests.unit.test_config_loader" name="test_loan_rules_agents_temperature_values_in_range" time="0.034" /><testcase classname="tests.unit.test_config_loader" name="test_loan_rules_rag_top_k_chunks_is_positive_int" time="0.033" /><testcase classname="tests.unit.test_config_loader" name="test_settings_aws_region_default_is_us_east_1" time="0.001" /><testcase classname="tests.unit.test_config_loader" name="test_settings_api_port_default_is_8000" time="0.001" /><testcase classname="tests.unit.test_config_loader" name="test_settings_mcp_port_default_is_8080" time="0.001" /><testcase classname="tests.unit.test_config_loader" name="test_settings_chroma_collection_name_is_non_empty" time="0.008" /><testcase classname="tests.unit.test_config_loader" name="test_settings_dti_auto_reject_threshold_matches_rules" time="0.001" /><testcase classname="tests.unit.test_config_loader" name="test_settings_credit_score_auto_reject_threshold_is_500" time="0.001" /><testcase classname="tests.unit.test_config_loader" name="test_settings_risk_score_thresholds_has_required_keys" time="0.001" /><testcase classname="tests.unit.test_config_loader" name="test_settings_rag_top_k_is_positive_int" time="0.001" /><testcase classname="tests.unit.test_config_loader" name="test_settings_rules_populated_from_yaml" time="0.001" /><testcase classname="tests.unit.test_config_loader" name="test_settings_loan_rules_populated_from_yaml" time="0.001" /><testcase classname="tests.unit.test_financial_risk_agent" name="test_dti_calculation_accuracy" time="0.002" /><testcase classname="tests.unit.test_financial_risk_agent" name="test_credit_score_750_maps_to_excellent" time="0.002" /><testcase classname="tests.unit.test_financial_risk_agent" name="test_credit_score_700_maps_to_good" time="0.002" /><testcase classname="tests.unit.test_financial_risk_agent" name="test_credit_score_600_maps_to_fair" time="0.002" /><testcase classname="tests.unit.test_financial_risk_agent" name="test_credit_score_520_maps_to_poor" time="0.002" /><testcase classname="tests.unit.test_financial_risk_agent" name="test_risk_score_clamped_to_100" time="0.002" /><testcase classname="tests.unit.test_financial_risk_agent" name="test_risk_score_clamped_to_0" time="0.002" /><testcase classname="tests.unit.test_financial_risk_agent" name="test_high_dti_flag_raised" time="0.002" /><testcase classname="tests.unit.test_financial_risk_agent" name="test_poor_credit_flag_raised" time="0.002" /><testcase classname="tests.unit.test_llm_runtime_compliance" name="test_model_target_is_sonnet_4_6" time="0.001" /><testcase classname="tests.unit.test_llm_runtime_compliance" name="test_anthropic_sdk_invocation_path_exists" time="0.001" /><testcase classname="tests.unit.test_llm_runtime_compliance" name="test_bedrock_fallback_path_exists" time="0.001" /><testcase classname="tests.unit.test_loan_decision_agent" name="test_excellent_profile_returns_approved" time="0.002" /><testcase classname="tests.unit.test_loan_decision_agent" name="test_high_risk_score_returns_rejected" time="0.002" /><testcase classname="tests.unit.test_loan_decision_agent" name="test_low_credit_score_returns_rejected" time="0.002" /><testcase classname="tests.unit.test_loan_decision_agent" name="test_borderline_returns_review_required" time="0.002" /><testcase classname="tests.unit.test_loan_decision_agent" name="test_confidence_score_in_valid_range" time="0.002" /><testcase classname="tests.unit.test_loan_decision_agent" name="test_explanation_is_non_empty_string" time="0.002" /><testcase classname="tests.unit.test_orchestrator_mcp_invocation" name="test_nodes_module_no_direct_tool_function_imports" time="0.001" /><testcase classname="tests.unit.test_orchestrator_mcp_invocation" name="test_applicant_profile_node_calls_validate_profile_via_mcp_client" time="0.002" /><testcase classname="tests.unit.test_orchestrator_mcp_invocation" name="test_financial_risk_node_sends_employment_risk" time="0.002" /><testcase classname="tests.unit.test_orchestrator_mcp_invocation" name="test_end_to_end_node_chain_uses_expected_mcp_tool_names" time="0.004" /><testcase classname="tests.unit.test_policy_knowledge_agent" name="test_retriever_called_with_query" time="0.002" /><testcase classname="tests.unit.test_policy_knowledge_agent" name="test_applicable_clauses_non_empty_for_valid_context" time="0.003" /><testcase classname="tests.unit.test_policy_knowledge_agent" name="test_sources_list_contains_document_names" time="0.002" /><testcase classname="tests.unit.test_policy_knowledge_agent" name="test_empty_retrieval_returns_empty_clauses" time="0.002" /><testcase classname="tests.unit.test_streamlit_chatbot_ui.TestChatStateInitialization" name="test_chat_state_keys_defined" time="0.001" /><testcase classname="tests.unit.test_streamlit_chatbot_ui.TestChatStateInitialization" name="test_chat_mode_defaults_to_form" time="0.002" /><testcase classname="tests.unit.test_streamlit_chatbot_ui.TestChatStateInitialization" name="test_chat_stage_defaults_to_start" time="0.001" /><testcase classname="tests.unit.test_streamlit_chatbot_ui.TestFieldValidation" name="test_applicant_id_validation" time="0.001" /><testcase classname="tests.unit.test_streamlit_chatbot_ui.TestFieldValidation" name="test_age_validation" time="0.003" /><testcase classname="tests.unit.test_streamlit_chatbot_ui.TestFieldValidation" name="test_income_validation" time="0.003" /><testcase classname="tests.unit.test_streamlit_chatbot_ui.TestFieldValidation" name="test_employment_type_validation" time="0.002" /><testcase classname="tests.unit.test_streamlit_chatbot_ui.TestFieldValidation" name="test_credit_score_validation" time="0.001" /><testcase classname="tests.unit.test_streamlit_chatbot_ui.TestFieldValidation" name="test_loan_amount_validation" time="0.002" /><testcase classname="tests.unit.test_streamlit_chatbot_ui.TestFieldValidation" name="test_loan_tenure_validation" time="0.001" /><testcase classname="tests.unit.test_streamlit_chatbot_ui.TestFieldValidation" name="test_existing_liabilities_validation" time="0.001" /><testcase classname="tests.unit.test_streamlit_chatbot_ui.TestFieldValidation" name="test_location_validation" time="0.003" /><testcase classname="tests.unit.test_streamlit_chatbot_ui.TestChatCommandProcessing" name="test_summary_command_detection" time="0.001" /><testcase classname="tests.unit.test_streamlit_chatbot_ui.TestChatCommandProcessing" name="test_edit_command_detection" time="0.001" /><testcase classname="tests.unit.test_streamlit_chatbot_ui.TestChatCommandProcessing" name="test_start_over_command_detection" time="0.001" /><testcase classname="tests.unit.test_streamlit_chatbot_ui.TestChatCommandProcessing" name="test_case_insensitive_commands" time="0.001" /><testcase classname="tests.unit.test_streamlit_chatbot_ui.TestModeSwitching" name="test_chat_mode_values" time="0.001" /><testcase classname="tests.unit.test_streamlit_chatbot_ui.TestModeSwitching" name="test_chat_stage_values" time="0.001" /><testcase classname="tests.unit.test_streamlit_chatbot_ui.TestModeSwitching" name="test_mode_toggle_options" time="0.001" /><testcase classname="tests.unit.test_streamlit_chatbot_ui.TestChatFieldSequence" name="test_chat_fields_order" time="0.001" /><testcase classname="tests.unit.test_streamlit_chatbot_ui.TestChatFieldSequence" name="test_chat_prompts_coverage" time="0.001" /><testcase classname="tests.unit.test_streamlit_chatbot_ui.TestConfirmationFlow" name="test_confirmation_state_keys" time="0.001" /><testcase classname="tests.unit.test_streamlit_chatbot_ui.TestConfirmationFlow" name="test_confirmation_button_options" time="0.001" /><testcase classname="tests.unit.test_streamlit_chatbot_ui.TestResultDisplay" name="test_verdict_options" time="0.001" /><testcase classname="tests.unit.test_streamlit_chatbot_ui.TestResultDisplay" name="test_verdict_emoji_mapping" time="0.001" /><testcase classname="tests.unit.test_streamlit_chatbot_ui.TestPayloadStructure" name="test_required_payload_fields" time="0.001" /><testcase classname="tests.unit.test_streamlit_chatbot_ui.TestPayloadStructure" name="test_payload_type_conversion" time="0.001" /><testcase classname="tests.unit.test_streamlit_chatbot_ui.TestUIIntegration" name="test_chat_to_form_pre_population" time="0.001" /><testcase classname="tests.unit.test_streamlit_chatbot_ui.TestUIIntegration" name="test_both_submission_paths" time="0.001" /></testsuite></testsuites>